Using pre-set license
Built from '2020.3/staging' branch; Version is '2020.3.33f1 (915a7af8b0d5) revision 9525882'; Using compiler version '192528614'; Build Type 'Release'
OS: 'Windows 11  (10.0.22000) 64bit Professional' Language: 'en' Physical Memory: 16310 MB
BatchMode: 1, IsHumanControllingUs: 0, StartBugReporterOnCrash: 0, Is64bit: 1, IsPro: 0

COMMAND LINE ARGUMENTS:
F:\Unity\2020.3.33f1\Editor\Unity.exe
-adb2
-batchMode
-noUpm
-name
AssetImportWorker0
-projectPath
F:/Unity/Projects/Words Spy
-logFile
Logs/AssetImportWorker0.log
-srvPort
50913
Successfully changed project path to: F:/Unity/Projects/Words Spy
F:/Unity/Projects/Words Spy
Using Asset Import Pipeline V2.
Refreshing native plugins compatible for Editor in 53.16 ms, found 3 plugins.
Preloading 0 native plugins for Editor in 0.00 ms.
Initialize engine version: 2020.3.33f1 (915a7af8b0d5)
[Subsystems] Discovering subsystems at path F:/Unity/2020.3.33f1/Editor/Data/Resources/UnitySubsystems
[Subsystems] Discovering subsystems at path F:/Unity/Projects/Words Spy/Assets
GfxDevice: creating device client; threaded=0
Direct3D:
    Version:  Direct3D 11.0 [level 11.1]
    Renderer: NVIDIA GeForce GTX 1650 (ID=0x1f82)
    Vendor:   
    VRAM:     3962 MB
    Driver:   27.21.14.5671
Initialize mono
Mono path[0] = 'F:/Unity/2020.3.33f1/Editor/Data/Managed'
Mono path[1] = 'F:/Unity/2020.3.33f1/Editor/Data/MonoBleedingEdge/lib/mono/unityjit'
Mono config path = 'F:/Unity/2020.3.33f1/Editor/Data/MonoBleedingEdge/etc'
Using monoOptions --debugger-agent=transport=dt_socket,embedding=1,server=y,suspend=n,address=127.0.0.1:56736
Begin MonoManager ReloadAssembly
Registering precompiled unity dll's ...
Register platform support module: F:/Unity/2020.3.33f1/Editor/Data/PlaybackEngines/WebGLSupport/UnityEditor.WebGL.Extensions.dll
Register platform support module: F:/Unity/2020.3.33f1/Editor/Data/PlaybackEngines/WindowsStandaloneSupport/UnityEditor.WindowsStandalone.Extensions.dll
Registered in 0.000795 seconds.
Native extension for WindowsStandalone target not found
Native extension for WebGL target not found
Refreshing native plugins compatible for Editor in 43.06 ms, found 3 plugins.
Preloading 0 native plugins for Editor in 0.00 ms.
Mono: successfully reloaded assembly
- Completed reload, in  0.449 seconds
Domain Reload Profiling:
	ReloadAssembly (449ms)
		BeginReloadAssembly (42ms)
			ExecutionOrderSort (0ms)
			DisableScriptedObjects (0ms)
			BackupInstance (0ms)
			ReleaseScriptingObjects (0ms)
			CreateAndSetChildDomain (1ms)
		EndReloadAssembly (354ms)
			LoadAssemblies (41ms)
			RebuildTransferFunctionScriptingTraits (0ms)
			SetupTypeCache (114ms)
			ReleaseScriptCaches (0ms)
			RebuildScriptCaches (23ms)
			SetupLoadedEditorAssemblies (141ms)
				LogAssemblyErrors (0ms)
				InitializePlatformSupportModulesInManaged (4ms)
				SetLoadedEditorAssemblies (0ms)
				RefreshPlugins (43ms)
				BeforeProcessingInitializeOnLoad (12ms)
				ProcessInitializeOnLoadAttributes (63ms)
				ProcessInitializeOnLoadMethodAttributes (19ms)
				AfterProcessingInitializeOnLoad (0ms)
				EditorAssembliesLoaded (0ms)
			ExecutionOrderSort2 (0ms)
			AwakeInstancesAfterBackupRestoration (0ms)
Platform modules already initialized, skipping
Registering precompiled user dll's ...
Registered in 0.003482 seconds.
Begin MonoManager ReloadAssembly
Native extension for WindowsStandalone target not found
Native extension for WebGL target not found
Refreshing native plugins compatible for Editor in 42.77 ms, found 3 plugins.
Preloading 0 native plugins for Editor in 0.00 ms.
GPGSUpgrader start
UnityEngine.StackTraceUtility:ExtractStackTrace ()
UnityEngine.DebugLogHandler:LogFormat (UnityEngine.LogType,UnityEngine.Object,string,object[])
UnityEngine.Logger:Log (UnityEngine.LogType,object)
UnityEngine.Debug:Log (object)
GooglePlayGames.Editor.GPGSUpgrader:.cctor () (at Assets/GooglePlayGames/com.google.play.games/Editor/GPGSUpgrader.cs:38)
System.Runtime.CompilerServices.RuntimeHelpers:RunClassConstructor (System.RuntimeTypeHandle)
UnityEditor.EditorAssemblies:ProcessInitializeOnLoadAttributes (System.Type[])

(Filename: Assets/GooglePlayGames/com.google.play.games/Editor/GPGSUpgrader.cs Line: 38)

GPGSUpgrader done
UnityEngine.StackTraceUtility:ExtractStackTrace ()
UnityEngine.DebugLogHandler:LogFormat (UnityEngine.LogType,UnityEngine.Object,string,object[])
UnityEngine.Logger:Log (UnityEngine.LogType,object)
UnityEngine.Debug:Log (object)
GooglePlayGames.Editor.GPGSUpgrader:.cctor () (at Assets/GooglePlayGames/com.google.play.games/Editor/GPGSUpgrader.cs:57)
System.Runtime.CompilerServices.RuntimeHelpers:RunClassConstructor (System.RuntimeTypeHandle)
UnityEditor.EditorAssemblies:ProcessInitializeOnLoadAttributes (System.Type[])

(Filename: Assets/GooglePlayGames/com.google.play.games/Editor/GPGSUpgrader.cs Line: 57)

Mono: successfully reloaded assembly
- Completed reload, in  0.882 seconds
Domain Reload Profiling:
	ReloadAssembly (883ms)
		BeginReloadAssembly (112ms)
			ExecutionOrderSort (0ms)
			DisableScriptedObjects (4ms)
			BackupInstance (0ms)
			ReleaseScriptingObjects (0ms)
			CreateAndSetChildDomain (15ms)
		EndReloadAssembly (725ms)
			LoadAssemblies (70ms)
			RebuildTransferFunctionScriptingTraits (0ms)
			SetupTypeCache (224ms)
			ReleaseScriptCaches (0ms)
			RebuildScriptCaches (39ms)
			SetupLoadedEditorAssemblies (255ms)
				LogAssemblyErrors (0ms)
				InitializePlatformSupportModulesInManaged (3ms)
				SetLoadedEditorAssemblies (0ms)
				RefreshPlugins (43ms)
				BeforeProcessingInitializeOnLoad (57ms)
				ProcessInitializeOnLoadAttributes (139ms)
				ProcessInitializeOnLoadMethodAttributes (12ms)
				AfterProcessingInitializeOnLoad (2ms)
				EditorAssembliesLoaded (0ms)
			ExecutionOrderSort2 (0ms)
			AwakeInstancesAfterBackupRestoration (4ms)
Platform modules already initialized, skipping
========================================================================
Worker process is ready to serve import requests
Launched and connected shader compiler UnityShaderCompiler.exe after 0.03 seconds
Refreshing native plugins compatible for Editor in 1.04 ms, found 3 plugins.
Preloading 0 native plugins for Editor in 0.00 ms.
Unloading 2383 Unused Serialized files (Serialized files now loaded: 0)
System memory in use before: 102.5 MB.
System memory in use after: 102.7 MB.

Unloading 116 unused Assets to reduce memory usage. Loaded Objects now: 2743.
Total: 3.427600 ms (FindLiveObjects: 0.199000 ms CreateObjectMapping: 0.078400 ms MarkObjects: 3.041600 ms  DeleteObjects: 0.107200 ms)

AssetImportParameters requested are different than current active one (requested -> active):
  custom:framework-win-MediaFoundation: 216162199b28c13a410421893ffa2e32 -> 
  custom:video-decoder-ogg-theora: a1e56fd34408186e4bbccfd4996cb3dc -> 
  custom:container-muxer-webm: aa71ff27fc2769a1b78a27578f13a17b -> 
  custom:container-demuxer-webm: 4f35f7cbe854078d1ac9338744f61a02 -> 
  custom:container-demuxer-ogg: 62fdf1f143b41e24485cea50d1cbac27 -> 
  custom:video-encoder-webm-vp8: eb34c28f22e8b96e1ab97ce403110664 -> 
  custom:video-decoder-webm-vp8: 9c59270c3fd7afecdb556c50c9e8de78 -> 
  custom:audio-decoder-ogg-vorbis: bf7c407c2cedff20999df2af8eb42d56 -> 
  custom:audio-encoder-webm-vorbis: bf7c407c2cedff20999df2af8eb42d56 -> 
========================================================================
Received Import Request.
  path: Assets/Resources/Data/Game Level Data.asset
  artifactKey: Guid(19d5708a8c08c6d44929470313e7c29b) Importer(815301076,1909f56bfc062723c751e8b465ee728b)
Start importing Assets/Resources/Data/Game Level Data.asset using Guid(19d5708a8c08c6d44929470313e7c29b) Importer(815301076,1909f56bfc062723c751e8b465ee728b)  -> (artifact id: 'cf2fb8d8739d5262b97cbaafedf52bc7') in 0.042314 seconds 
========================================================================
Received Import Request.
  Time since last request: 11.831539 seconds.
  path: Assets/Scripts/GameEvents.cs
  artifactKey: Guid(7f6c72a37e975bb459817a3d58be2a87) Importer(815301076,1909f56bfc062723c751e8b465ee728b)
Start importing Assets/Scripts/GameEvents.cs using Guid(7f6c72a37e975bb459817a3d58be2a87) Importer(815301076,1909f56bfc062723c751e8b465ee728b)  -> (artifact id: '64c6739a8e8b24605abef3525e9b9c78') in 0.007809 seconds 
========================================================================
Received Import Request.
  Time since last request: 0.498566 seconds.
  path: Assets/Scripts/GameOverPopup.cs
  artifactKey: Guid(37c5775195dfcd4459393374c47578a7) Importer(815301076,1909f56bfc062723c751e8b465ee728b)
Start importing Assets/Scripts/GameOverPopup.cs using Guid(37c5775195dfcd4459393374c47578a7) Importer(815301076,1909f56bfc062723c751e8b465ee728b)  -> (artifact id: '74bfd7c0aa6aad2d8cbbfb6cc934a47d') in 0.005768 seconds 
========================================================================
Received Import Request.
  Time since last request: 651.105233 seconds.
  path: Assets/Scenes/MainMenu.unity
  artifactKey: Guid(2cda990e2423bbf4892e6590ba056729) Importer(815301076,1909f56bfc062723c751e8b465ee728b)
Start importing Assets/Scenes/MainMenu.unity using Guid(2cda990e2423bbf4892e6590ba056729) Importer(815301076,1909f56bfc062723c751e8b465ee728b)  -> (artifact id: '71d010b0b7e6b8a0d8c111363dac92d7') in 0.006548 seconds 
========================================================================
Received Import Request.
  Time since last request: 1.173267 seconds.
  path: Assets/Scenes/Settings.unity
  artifactKey: Guid(ec7aca95a24385b44b2b21e39b657d6d) Importer(815301076,1909f56bfc062723c751e8b465ee728b)
Start importing Assets/Scenes/Settings.unity using Guid(ec7aca95a24385b44b2b21e39b657d6d) Importer(815301076,1909f56bfc062723c751e8b465ee728b)  -> (artifact id: 'aee5d96036251f59c01dfb7800d582a9') in 0.005786 seconds 
========================================================================
Received Import Request.
  Time since last request: 27.450067 seconds.
  path: Assets/Scripts/SelectPuzzleButton.cs
  artifactKey: Guid(b08d12472b35cbb4697152767cfd988c) Importer(815301076,1909f56bfc062723c751e8b465ee728b)
Start importing Assets/Scripts/SelectPuzzleButton.cs using Guid(b08d12472b35cbb4697152767cfd988c) Importer(815301076,1909f56bfc062723c751e8b465ee728b)  -> (artifact id: 'c5556584937a2a7bdf403779786ae87c') in 0.005469 seconds 
========================================================================
Received Import Request.
  Time since last request: 2.693195 seconds.
  path: Assets/Scripts/WordsGrid.cs
  artifactKey: Guid(8855901af0a694c43baf7d3865124bf4) Importer(815301076,1909f56bfc062723c751e8b465ee728b)
Start importing Assets/Scripts/WordsGrid.cs using Guid(8855901af0a694c43baf7d3865124bf4) Importer(815301076,1909f56bfc062723c751e8b465ee728b)  -> (artifact id: 'a88509e254d0a45eaa04dd6484199c6f') in 0.005609 seconds 
========================================================================
Received Import Request.
  Time since last request: 6.670716 seconds.
  path: Assets/Scripts/ScriptableObjects/BoardData.cs
  artifactKey: Guid(80c8ecc1bc03baa429491a1c2f400f39) Importer(815301076,1909f56bfc062723c751e8b465ee728b)
Start importing Assets/Scripts/ScriptableObjects/BoardData.cs using Guid(80c8ecc1bc03baa429491a1c2f400f39) Importer(815301076,1909f56bfc062723c751e8b465ee728b)  -> (artifact id: 'fb0a72b6fe7b97dfea875bd41a058259') in 0.006855 seconds 
========================================================================
Received Import Request.
  Time since last request: 86.277157 seconds.
  path: Assets/Scripts/CountDownTimer.cs
  artifactKey: Guid(1c1b00a17b1a625438508eedd7c698a1) Importer(815301076,1909f56bfc062723c751e8b465ee728b)
Start importing Assets/Scripts/CountDownTimer.cs using Guid(1c1b00a17b1a625438508eedd7c698a1) Importer(815301076,1909f56bfc062723c751e8b465ee728b)  -> (artifact id: 'd766d1aadd2123147e769522c554a579') in 0.005815 seconds 
========================================================================
Received Import Request.
  Time since last request: 186.023798 seconds.
  path: Assets/Resources/Data/Puzzles/Sport/Sport3.asset
  artifactKey: Guid(a56d64f5d2e8b59409f4efe75e95ef35) Importer(815301076,1909f56bfc062723c751e8b465ee728b)
Start importing Assets/Resources/Data/Puzzles/Sport/Sport3.asset using Guid(a56d64f5d2e8b59409f4efe75e95ef35) Importer(815301076,1909f56bfc062723c751e8b465ee728b)  -> (artifact id: '9a0fde8ca9555f1cba6c8547bca91ae8') in 0.006348 seconds 
========================================================================
Received Import Request.
  Time since last request: 0.000109 seconds.
  path: Assets/Resources/Data/Puzzles/Sport/Sport5.asset
  artifactKey: Guid(94644a7d687cc7d458e3b21a8bd2cc67) Importer(815301076,1909f56bfc062723c751e8b465ee728b)
Start importing Assets/Resources/Data/Puzzles/Sport/Sport5.asset using Guid(94644a7d687cc7d458e3b21a8bd2cc67) Importer(815301076,1909f56bfc062723c751e8b465ee728b)  -> (artifact id: 'ba2a100c5c1d28d6bb311f900f4b218e') in 0.004954 seconds 
========================================================================
Received Import Request.
  Time since last request: 0.000104 seconds.
  path: Assets/Resources/Data/Puzzles/Sport/Sport4.asset
  artifactKey: Guid(7a1e9d9256c7e124c8840dbda73f242b) Importer(815301076,1909f56bfc062723c751e8b465ee728b)
Start importing Assets/Resources/Data/Puzzles/Sport/Sport4.asset using Guid(7a1e9d9256c7e124c8840dbda73f242b) Importer(815301076,1909f56bfc062723c751e8b465ee728b)  -> (artifact id: '118f64f0366bcdaa3acc203379977fce') in 0.005752 seconds 
========================================================================
Received Import Request.
  Time since last request: 0.653057 seconds.
  path: Assets/Resources/Data/Puzzles/Plants/Plants1.asset
  artifactKey: Guid(379ccf8eeb760764694109df787dab70) Importer(815301076,1909f56bfc062723c751e8b465ee728b)
Start importing Assets/Resources/Data/Puzzles/Plants/Plants1.asset using Guid(379ccf8eeb760764694109df787dab70) Importer(815301076,1909f56bfc062723c751e8b465ee728b)  -> (artifact id: '5729e149cb9725c98e38e94ac7789d82') in 0.006835 seconds 
========================================================================
Received Import Request.
  Time since last request: 0.000153 seconds.
  path: Assets/Resources/Data/Puzzles/Plants/Plants5.asset
  artifactKey: Guid(a674c64900849d7489b7267494004a6d) Importer(815301076,1909f56bfc062723c751e8b465ee728b)
Start importing Assets/Resources/Data/Puzzles/Plants/Plants5.asset using Guid(a674c64900849d7489b7267494004a6d) Importer(815301076,1909f56bfc062723c751e8b465ee728b)  -> (artifact id: 'ea14c86fb671c9f4cc3fdaa8865b182c') in 0.006184 seconds 
========================================================================
Received Import Request.
  Time since last request: 0.000351 seconds.
  path: Assets/Resources/Data/Puzzles/Plants/Plants3.asset
  artifactKey: Guid(f920d794880d41d4a97ba728134730e8) Importer(815301076,1909f56bfc062723c751e8b465ee728b)
Start importing Assets/Resources/Data/Puzzles/Plants/Plants3.asset using Guid(f920d794880d41d4a97ba728134730e8) Importer(815301076,1909f56bfc062723c751e8b465ee728b)  -> (artifact id: '640ed0e093607f85713a8c18a8d3efc2') in 0.005004 seconds 
========================================================================
Received Import Request.
  Time since last request: 0.000113 seconds.
  path: Assets/Resources/Data/Puzzles/Plants/Plants4.asset
  artifactKey: Guid(ff7b6e6076cc0104e861e22f2dab1126) Importer(815301076,1909f56bfc062723c751e8b465ee728b)
Start importing Assets/Resources/Data/Puzzles/Plants/Plants4.asset using Guid(ff7b6e6076cc0104e861e22f2dab1126) Importer(815301076,1909f56bfc062723c751e8b465ee728b)  -> (artifact id: '7d6d7f23c80614969febe969ee06d0df') in 0.004206 seconds 
========================================================================
Received Import Request.
  Time since last request: 0.000112 seconds.
  path: Assets/Resources/Data/Puzzles/Plants/Plants2.asset
  artifactKey: Guid(2c72d56c528b0ee4e81609b77aabd8a0) Importer(815301076,1909f56bfc062723c751e8b465ee728b)
Start importing Assets/Resources/Data/Puzzles/Plants/Plants2.asset using Guid(2c72d56c528b0ee4e81609b77aabd8a0) Importer(815301076,1909f56bfc062723c751e8b465ee728b)  -> (artifact id: 'a3ae78902f05ca30d8e91a41ddea08f8') in 0.004334 seconds 
========================================================================
Received Prepare
Refreshing native plugins compatible for Editor in 13.23 ms, found 3 plugins.
Preloading 0 native plugins for Editor in 0.00 ms.
Unloading 103 Unused Serialized files (Serialized files now loaded: 0)
System memory in use before: 56.6 MB.
System memory in use after: 56.8 MB.

Unloading 103 unused Assets to reduce memory usage. Loaded Objects now: 2743.
Total: 3.437700 ms (FindLiveObjects: 0.198600 ms CreateObjectMapping: 0.058800 ms MarkObjects: 3.151400 ms  DeleteObjects: 0.028400 ms)

AssetImportParameters requested are different than current active one (requested -> active):
  custom:framework-win-MediaFoundation: 216162199b28c13a410421893ffa2e32 -> 
  custom:video-decoder-ogg-theora: a1e56fd34408186e4bbccfd4996cb3dc -> 
  custom:container-muxer-webm: aa71ff27fc2769a1b78a27578f13a17b -> 
  custom:container-demuxer-webm: 4f35f7cbe854078d1ac9338744f61a02 -> 
  custom:container-demuxer-ogg: 62fdf1f143b41e24485cea50d1cbac27 -> 
  custom:video-encoder-webm-vp8: eb34c28f22e8b96e1ab97ce403110664 -> 
  custom:video-decoder-webm-vp8: 9c59270c3fd7afecdb556c50c9e8de78 -> 
  custom:audio-decoder-ogg-vorbis: bf7c407c2cedff20999df2af8eb42d56 -> 
  custom:audio-encoder-webm-vorbis: bf7c407c2cedff20999df2af8eb42d56 -> 
========================================================================
Received Import Request.
  Time since last request: 715.498994 seconds.
  path: Assets/Resources/Data/Puzzles/Plants/Plants1.asset
  artifactKey: Guid(379ccf8eeb760764694109df787dab70) Importer(815301076,1909f56bfc062723c751e8b465ee728b)
Start importing Assets/Resources/Data/Puzzles/Plants/Plants1.asset using Guid(379ccf8eeb760764694109df787dab70) Importer(815301076,1909f56bfc062723c751e8b465ee728b)  -> (artifact id: 'f348ec5bb2b9f292889d62be7acf6557') in 0.002784 seconds 
AssetImportWorkerClient::OnTransportError - code=2 error=End of file
